2022-06-28 16:33:28.292  INFO 19600 --- [main] c.corona.bbooksize.BbookSizeApplication  : Starting BbookSizeApplication using Java 11.0.15 on MCSAPGS-0004 with PID 19600 (C:\Users\dabarca\Documents\Dev\bbook-size\target\classes started by dabarca in C:\Users\dabarca\Documents\Dev\bbook-size)
2022-06-28 16:33:28.305  INFO 19600 --- [main] c.corona.bbooksize.BbookSizeApplication  : No active profile set, falling back to 1 default profile: "default"
2022-06-28 16:33:29.035  INFO 19600 --- [main] .s.d.r.c.RepositoryConfigurationDelegate : Bootstrapping Spring Data JPA repositories in DEFAULT mode.
2022-06-28 16:33:29.090  INFO 19600 --- [main] .s.d.r.c.RepositoryConfigurationDelegate : Finished Spring Data repository scanning in 44 ms. Found 1 JPA repository interfaces.
2022-06-28 16:33:29.711  INFO 19600 --- [main] o.s.b.w.embedded.tomcat.TomcatWebServer  : Tomcat initialized with port(s): 8080 (http)
2022-06-28 16:33:29.724  INFO 19600 --- [main] o.apache.catalina.core.StandardService   : Starting service [Tomcat]
2022-06-28 16:33:29.725  INFO 19600 --- [main] org.apache.catalina.core.StandardEngine  : Starting Servlet engine: [Apache Tomcat/9.0.63]
2022-06-28 16:33:29.851  INFO 19600 --- [main] o.a.c.c.C.[Tomcat].[localhost].[/]       : Initializing Spring embedded WebApplicationContext
2022-06-28 16:33:29.852  INFO 19600 --- [main] w.s.c.ServletWebServerApplicationContext : Root WebApplicationContext: initialization completed in 1486 ms
2022-06-28 16:33:30.087  INFO 19600 --- [main] o.hibernate.jpa.internal.util.LogHelper  : HHH000204: Processing PersistenceUnitInfo [name: default]
2022-06-28 16:33:30.147  INFO 19600 --- [main] org.hibernate.Version                    : HHH000412: Hibernate ORM core version 5.6.9.Final
2022-06-28 16:33:30.332  INFO 19600 --- [main] o.hibernate.annotations.common.Version   : HCANN000001: Hibernate Commons Annotations {5.1.2.Final}
2022-06-28 16:33:30.365 DEBUG 19600 --- [main] org.hibernate.type.BasicTypeRegistry     : Adding type registration boolean -> org.hibernate.type.BooleanType@395f52ed
2022-06-28 16:33:30.365 DEBUG 19600 --- [main] org.hibernate.type.BasicTypeRegistry     : Adding type registration boolean -> org.hibernate.type.BooleanType@395f52ed
2022-06-28 16:33:30.365 DEBUG 19600 --- [main] org.hibernate.type.BasicTypeRegistry     : Adding type registration java.lang.Boolean -> org.hibernate.type.BooleanType@395f52ed
2022-06-28 16:33:30.366 DEBUG 19600 --- [main] org.hibernate.type.BasicTypeRegistry     : Adding type registration numeric_boolean -> org.hibernate.type.NumericBooleanType@65eb3597
2022-06-28 16:33:30.367 DEBUG 19600 --- [main] org.hibernate.type.BasicTypeRegistry     : Adding type registration true_false -> org.hibernate.type.TrueFalseType@374c40ba
2022-06-28 16:33:30.367 DEBUG 19600 --- [main] org.hibernate.type.BasicTypeRegistry     : Adding type registration yes_no -> org.hibernate.type.YesNoType@f882465
2022-06-28 16:33:30.369 DEBUG 19600 --- [main] org.hibernate.type.BasicTypeRegistry     : Adding type registration byte -> org.hibernate.type.ByteType@39832280
2022-06-28 16:33:30.369 DEBUG 19600 --- [main] org.hibernate.type.BasicTypeRegistry     : Adding type registration byte -> org.hibernate.type.ByteType@39832280
2022-06-28 16:33:30.369 DEBUG 19600 --- [main] org.hibernate.type.BasicTypeRegistry     : Adding type registration java.lang.Byte -> org.hibernate.type.ByteType@39832280
2022-06-28 16:33:30.370 DEBUG 19600 --- [main] org.hibernate.type.BasicTypeRegistry     : Adding type registration character -> org.hibernate.type.CharacterType@25791d40
2022-06-28 16:33:30.371 DEBUG 19600 --- [main] org.hibernate.type.BasicTypeRegistry     : Adding type registration char -> org.hibernate.type.CharacterType@25791d40
2022-06-28 16:33:30.371 DEBUG 19600 --- [main] org.hibernate.type.BasicTypeRegistry     : Adding type registration java.lang.Character -> org.hibernate.type.CharacterType@25791d40
2022-06-28 16:33:30.372 DEBUG 19600 --- [main] org.hibernate.type.BasicTypeRegistry     : Adding type registration short -> org.hibernate.type.ShortType@dbed7fd
2022-06-28 16:33:30.372 DEBUG 19600 --- [main] org.hibernate.type.BasicTypeRegistry     : Adding type registration short -> org.hibernate.type.ShortType@dbed7fd
2022-06-28 16:33:30.372 DEBUG 19600 --- [main] org.hibernate.type.BasicTypeRegistry     : Adding type registration java.lang.Short -> org.hibernate.type.ShortType@dbed7fd
2022-06-28 16:33:30.373 DEBUG 19600 --- [main] org.hibernate.type.BasicTypeRegistry     : Adding type registration integer -> org.hibernate.type.IntegerType@3db65c0d
2022-06-28 16:33:30.379 DEBUG 19600 --- [main] org.hibernate.type.BasicTypeRegistry     : Adding type registration int -> org.hibernate.type.IntegerType@3db65c0d
2022-06-28 16:33:30.379 DEBUG 19600 --- [main] org.hibernate.type.BasicTypeRegistry     : Adding type registration java.lang.Integer -> org.hibernate.type.IntegerType@3db65c0d
2022-06-28 16:33:30.381 DEBUG 19600 --- [main] org.hibernate.type.BasicTypeRegistry     : Adding type registration long -> org.hibernate.type.LongType@8c0a23f
2022-06-28 16:33:30.381 DEBUG 19600 --- [main] org.hibernate.type.BasicTypeRegistry     : Adding type registration long -> org.hibernate.type.LongType@8c0a23f
2022-06-28 16:33:30.381 DEBUG 19600 --- [main] org.hibernate.type.BasicTypeRegistry     : Adding type registration java.lang.Long -> org.hibernate.type.LongType@8c0a23f
2022-06-28 16:33:30.383 DEBUG 19600 --- [main] org.hibernate.type.BasicTypeRegistry     : Adding type registration float -> org.hibernate.type.FloatType@45801322
2022-06-28 16:33:30.383 DEBUG 19600 --- [main] org.hibernate.type.BasicTypeRegistry     : Adding type registration float -> org.hibernate.type.FloatType@45801322
2022-06-28 16:33:30.383 DEBUG 19600 --- [main] org.hibernate.type.BasicTypeRegistry     : Adding type registration java.lang.Float -> org.hibernate.type.FloatType@45801322
2022-06-28 16:33:30.384 DEBUG 19600 --- [main] org.hibernate.type.BasicTypeRegistry     : Adding type registration double -> org.hibernate.type.DoubleType@6a1568d6
2022-06-28 16:33:30.384 DEBUG 19600 --- [main] org.hibernate.type.BasicTypeRegistry     : Adding type registration double -> org.hibernate.type.DoubleType@6a1568d6
2022-06-28 16:33:30.384 DEBUG 19600 --- [main] org.hibernate.type.BasicTypeRegistry     : Adding type registration java.lang.Double -> org.hibernate.type.DoubleType@6a1568d6
2022-06-28 16:33:30.385 DEBUG 19600 --- [main] org.hibernate.type.BasicTypeRegistry     : Adding type registration big_decimal -> org.hibernate.type.BigDecimalType@3b11620a
2022-06-28 16:33:30.385 DEBUG 19600 --- [main] org.hibernate.type.BasicTypeRegistry     : Adding type registration java.math.BigDecimal -> org.hibernate.type.BigDecimalType@3b11620a
2022-06-28 16:33:30.386 DEBUG 19600 --- [main] org.hibernate.type.BasicTypeRegistry     : Adding type registration big_integer -> org.hibernate.type.BigIntegerType@21edd891
2022-06-28 16:33:30.386 DEBUG 19600 --- [main] org.hibernate.type.BasicTypeRegistry     : Adding type registration java.math.BigInteger -> org.hibernate.type.BigIntegerType@21edd891
2022-06-28 16:33:30.388 DEBUG 19600 --- [main] org.hibernate.type.BasicTypeRegistry     : Adding type registration string -> org.hibernate.type.StringType@26be9a6
2022-06-28 16:33:30.394 DEBUG 19600 --- [main] org.hibernate.type.BasicTypeRegistry     : Adding type registration java.lang.String -> org.hibernate.type.StringType@26be9a6
2022-06-28 16:33:30.395 DEBUG 19600 --- [main] org.hibernate.type.BasicTypeRegistry     : Adding type registration nstring -> org.hibernate.type.StringNVarcharType@78e68401
2022-06-28 16:33:30.396 DEBUG 19600 --- [main] org.hibernate.type.BasicTypeRegistry     : Adding type registration ncharacter -> org.hibernate.type.CharacterNCharType@797fcf9
2022-06-28 16:33:30.397 DEBUG 19600 --- [main] org.hibernate.type.BasicTypeRegistry     : Adding type registration url -> org.hibernate.type.UrlType@4fb64e14
2022-06-28 16:33:30.397 DEBUG 19600 --- [main] org.hibernate.type.BasicTypeRegistry     : Adding type registration java.net.URL -> org.hibernate.type.UrlType@4fb64e14
2022-06-28 16:33:30.398 DEBUG 19600 --- [main] org.hibernate.type.BasicTypeRegistry     : Adding type registration Duration -> org.hibernate.type.DurationType@58f254b1
2022-06-28 16:33:30.398 DEBUG 19600 --- [main] org.hibernate.type.BasicTypeRegistry     : Adding type registration java.time.Duration -> org.hibernate.type.DurationType@58f254b1
2022-06-28 16:33:30.399 DEBUG 19600 --- [main] org.hibernate.type.BasicTypeRegistry     : Adding type registration Instant -> org.hibernate.type.InstantType@3c81cd82
2022-06-28 16:33:30.399 DEBUG 19600 --- [main] org.hibernate.type.BasicTypeRegistry     : Adding type registration java.time.Instant -> org.hibernate.type.InstantType@3c81cd82
2022-06-28 16:33:30.401 DEBUG 19600 --- [main] org.hibernate.type.BasicTypeRegistry     : Adding type registration LocalDateTime -> org.hibernate.type.LocalDateTimeType@75eaba95
2022-06-28 16:33:30.401 DEBUG 19600 --- [main] org.hibernate.type.BasicTypeRegistry     : Adding type registration java.time.LocalDateTime -> org.hibernate.type.LocalDateTimeType@75eaba95
2022-06-28 16:33:30.402 DEBUG 19600 --- [main] org.hibernate.type.BasicTypeRegistry     : Adding type registration LocalDate -> org.hibernate.type.LocalDateType@f5bf288
2022-06-28 16:33:30.402 DEBUG 19600 --- [main] org.hibernate.type.BasicTypeRegistry     : Adding type registration java.time.LocalDate -> org.hibernate.type.LocalDateType@f5bf288
2022-06-28 16:33:30.403 DEBUG 19600 --- [main] org.hibernate.type.BasicTypeRegistry     : Adding type registration LocalTime -> org.hibernate.type.LocalTimeType@20440c6c
2022-06-28 16:33:30.403 DEBUG 19600 --- [main] org.hibernate.type.BasicTypeRegistry     : Adding type registration java.time.LocalTime -> org.hibernate.type.LocalTimeType@20440c6c
2022-06-28 16:33:30.405 DEBUG 19600 --- [main] org.hibernate.type.BasicTypeRegistry     : Adding type registration OffsetDateTime -> org.hibernate.type.OffsetDateTimeType@69ec93c2
2022-06-28 16:33:30.410 DEBUG 19600 --- [main] org.hibernate.type.BasicTypeRegistry     : Adding type registration java.time.OffsetDateTime -> org.hibernate.type.OffsetDateTimeType@69ec93c2
2022-06-28 16:33:30.412 DEBUG 19600 --- [main] org.hibernate.type.BasicTypeRegistry     : Adding type registration OffsetTime -> org.hibernate.type.OffsetTimeType@39266403
2022-06-28 16:33:30.412 DEBUG 19600 --- [main] org.hibernate.type.BasicTypeRegistry     : Adding type registration java.time.OffsetTime -> org.hibernate.type.OffsetTimeType@39266403
2022-06-28 16:33:30.414 DEBUG 19600 --- [main] org.hibernate.type.BasicTypeRegistry     : Adding type registration ZonedDateTime -> org.hibernate.type.ZonedDateTimeType@6424e613
2022-06-28 16:33:30.414 DEBUG 19600 --- [main] org.hibernate.type.BasicTypeRegistry     : Adding type registration java.time.ZonedDateTime -> org.hibernate.type.ZonedDateTimeType@6424e613
2022-06-28 16:33:30.416 DEBUG 19600 --- [main] org.hibernate.type.BasicTypeRegistry     : Adding type registration date -> org.hibernate.type.DateType@7ec08115
2022-06-28 16:33:30.416 DEBUG 19600 --- [main] org.hibernate.type.BasicTypeRegistry     : Adding type registration java.sql.Date -> org.hibernate.type.DateType@7ec08115
2022-06-28 16:33:30.418 DEBUG 19600 --- [main] org.hibernate.type.BasicTypeRegistry     : Adding type registration time -> org.hibernate.type.TimeType@7d66e544
2022-06-28 16:33:30.418 DEBUG 19600 --- [main] org.hibernate.type.BasicTypeRegistry     : Adding type registration java.sql.Time -> org.hibernate.type.TimeType@7d66e544
2022-06-28 16:33:30.419 DEBUG 19600 --- [main] org.hibernate.type.BasicTypeRegistry     : Adding type registration timestamp -> org.hibernate.type.TimestampType@6c9b44bf
2022-06-28 16:33:30.420 DEBUG 19600 --- [main] org.hibernate.type.BasicTypeRegistry     : Adding type registration java.sql.Timestamp -> org.hibernate.type.TimestampType@6c9b44bf
2022-06-28 16:33:30.420 DEBUG 19600 --- [main] org.hibernate.type.BasicTypeRegistry     : Adding type registration java.util.Date -> org.hibernate.type.TimestampType@6c9b44bf
2022-06-28 16:33:30.421 DEBUG 19600 --- [main] org.hibernate.type.BasicTypeRegistry     : Adding type registration dbtimestamp -> org.hibernate.type.DbTimestampType@51ba952e
2022-06-28 16:33:30.422 DEBUG 19600 --- [main] org.hibernate.type.BasicTypeRegistry     : Adding type registration calendar -> org.hibernate.type.CalendarType@39023dbf
2022-06-28 16:33:30.423 DEBUG 19600 --- [main] org.hibernate.type.BasicTypeRegistry     : Adding type registration java.util.Calendar -> org.hibernate.type.CalendarType@39023dbf
2022-06-28 16:33:30.423 DEBUG 19600 --- [main] org.hibernate.type.BasicTypeRegistry     : Adding type registration java.util.GregorianCalendar -> org.hibernate.type.CalendarType@39023dbf
2022-06-28 16:33:30.427 DEBUG 19600 --- [main] org.hibernate.type.BasicTypeRegistry     : Adding type registration calendar_date -> org.hibernate.type.CalendarDateType@72465eb2
2022-06-28 16:33:30.428 DEBUG 19600 --- [main] org.hibernate.type.BasicTypeRegistry     : Adding type registration calendar_time -> org.hibernate.type.CalendarTimeType@7b18658a
2022-06-28 16:33:30.429 DEBUG 19600 --- [main] org.hibernate.type.BasicTypeRegistry     : Adding type registration locale -> org.hibernate.type.LocaleType@1cd2143b
2022-06-28 16:33:30.429 DEBUG 19600 --- [main] org.hibernate.type.BasicTypeRegistry     : Adding type registration java.util.Locale -> org.hibernate.type.LocaleType@1cd2143b
2022-06-28 16:33:30.430 DEBUG 19600 --- [main] org.hibernate.type.BasicTypeRegistry     : Adding type registration currency -> org.hibernate.type.CurrencyType@5b02a984
2022-06-28 16:33:30.430 DEBUG 19600 --- [main] org.hibernate.type.BasicTypeRegistry     : Adding type registration java.util.Currency -> org.hibernate.type.CurrencyType@5b02a984
2022-06-28 16:33:30.431 DEBUG 19600 --- [main] org.hibernate.type.BasicTypeRegistry     : Adding type registration timezone -> org.hibernate.type.TimeZoneType@4f114b
2022-06-28 16:33:30.431 DEBUG 19600 --- [main] org.hibernate.type.BasicTypeRegistry     : Adding type registration java.util.TimeZone -> org.hibernate.type.TimeZoneType@4f114b
2022-06-28 16:33:30.432 DEBUG 19600 --- [main] org.hibernate.type.BasicTypeRegistry     : Adding type registration class -> org.hibernate.type.ClassType@611d0763
2022-06-28 16:33:30.432 DEBUG 19600 --- [main] org.hibernate.type.BasicTypeRegistry     : Adding type registration java.lang.Class -> org.hibernate.type.ClassType@611d0763
2022-06-28 16:33:30.433 DEBUG 19600 --- [main] org.hibernate.type.BasicTypeRegistry     : Adding type registration uuid-binary -> org.hibernate.type.UUIDBinaryType@7c70aae1
2022-06-28 16:33:30.433 DEBUG 19600 --- [main] org.hibernate.type.BasicTypeRegistry     : Adding type registration java.util.UUID -> org.hibernate.type.UUIDBinaryType@7c70aae1
2022-06-28 16:33:30.434 DEBUG 19600 --- [main] org.hibernate.type.BasicTypeRegistry     : Adding type registration uuid-char -> org.hibernate.type.UUIDCharType@372f0a99
2022-06-28 16:33:30.435 DEBUG 19600 --- [main] org.hibernate.type.BasicTypeRegistry     : Adding type registration binary -> org.hibernate.type.BinaryType@492521c4
2022-06-28 16:33:30.435 DEBUG 19600 --- [main] org.hibernate.type.BasicTypeRegistry     : Adding type registration byte[] -> org.hibernate.type.BinaryType@492521c4
2022-06-28 16:33:30.435 DEBUG 19600 --- [main] org.hibernate.type.BasicTypeRegistry     : Adding type registration [B -> org.hibernate.type.BinaryType@492521c4
2022-06-28 16:33:30.443 DEBUG 19600 --- [main] org.hibernate.type.BasicTypeRegistry     : Adding type registration wrapper-binary -> org.hibernate.type.WrapperBinaryType@2a0b901c
2022-06-28 16:33:30.443 DEBUG 19600 --- [main] org.hibernate.type.BasicTypeRegistry     : Adding type registration Byte[] -> org.hibernate.type.WrapperBinaryType@2a0b901c
2022-06-28 16:33:30.443 DEBUG 19600 --- [main] org.hibernate.type.BasicTypeRegistry     : Adding type registration [Ljava.lang.Byte; -> org.hibernate.type.WrapperBinaryType@2a0b901c
2022-06-28 16:33:30.444 DEBUG 19600 --- [main] org.hibernate.type.BasicTypeRegistry     : Adding type registration row_version -> org.hibernate.type.RowVersionType@22f02996
2022-06-28 16:33:30.445 DEBUG 19600 --- [main] org.hibernate.type.BasicTypeRegistry     : Adding type registration image -> org.hibernate.type.ImageType@543fe698
2022-06-28 16:33:30.446 DEBUG 19600 --- [main] org.hibernate.type.BasicTypeRegistry     : Adding type registration characters -> org.hibernate.type.CharArrayType@463afa6e
2022-06-28 16:33:30.446 DEBUG 19600 --- [main] org.hibernate.type.BasicTypeRegistry     : Adding type registration char[] -> org.hibernate.type.CharArrayType@463afa6e
2022-06-28 16:33:30.446 DEBUG 19600 --- [main] org.hibernate.type.BasicTypeRegistry     : Adding type registration [C -> org.hibernate.type.CharArrayType@463afa6e
2022-06-28 16:33:30.447 DEBUG 19600 --- [main] org.hibernate.type.BasicTypeRegistry     : Adding type registration wrapper-characters -> org.hibernate.type.CharacterArrayType@62cbc478
2022-06-28 16:33:30.447 DEBUG 19600 --- [main] org.hibernate.type.BasicTypeRegistry     : Adding type registration [Ljava.lang.Character; -> org.hibernate.type.CharacterArrayType@62cbc478
2022-06-28 16:33:30.447 DEBUG 19600 --- [main] org.hibernate.type.BasicTypeRegistry     : Adding type registration Character[] -> org.hibernate.type.CharacterArrayType@62cbc478
2022-06-28 16:33:30.448 DEBUG 19600 --- [main] org.hibernate.type.BasicTypeRegistry     : Adding type registration text -> org.hibernate.type.TextType@6d0e45a5
2022-06-28 16:33:30.449 DEBUG 19600 --- [main] org.hibernate.type.BasicTypeRegistry     : Adding type registration ntext -> org.hibernate.type.NTextType@615db358
2022-06-28 16:33:30.450 DEBUG 19600 --- [main] org.hibernate.type.BasicTypeRegistry     : Adding type registration blob -> org.hibernate.type.BlobType@496cc217
2022-06-28 16:33:30.450 DEBUG 19600 --- [main] org.hibernate.type.BasicTypeRegistry     : Adding type registration java.sql.Blob -> org.hibernate.type.BlobType@496cc217
2022-06-28 16:33:30.451 DEBUG 19600 --- [main] org.hibernate.type.BasicTypeRegistry     : Adding type registration materialized_blob -> org.hibernate.type.MaterializedBlobType@17ff8810
2022-06-28 16:33:30.460 DEBUG 19600 --- [main] org.hibernate.type.BasicTypeRegistry     : Adding type registration clob -> org.hibernate.type.ClobType@5cfed0ba
2022-06-28 16:33:30.460 DEBUG 19600 --- [main] org.hibernate.type.BasicTypeRegistry     : Adding type registration java.sql.Clob -> org.hibernate.type.ClobType@5cfed0ba
2022-06-28 16:33:30.461 DEBUG 19600 --- [main] org.hibernate.type.BasicTypeRegistry     : Adding type registration nclob -> org.hibernate.type.NClobType@350da119
2022-06-28 16:33:30.461 DEBUG 19600 --- [main] org.hibernate.type.BasicTypeRegistry     : Adding type registration java.sql.NClob -> org.hibernate.type.NClobType@350da119
2022-06-28 16:33:30.461 DEBUG 19600 --- [main] org.hibernate.type.BasicTypeRegistry     : Adding type registration materialized_clob -> org.hibernate.type.MaterializedClobType@8b13d91
2022-06-28 16:33:30.461 DEBUG 19600 --- [main] org.hibernate.type.BasicTypeRegistry     : Adding type registration materialized_nclob -> org.hibernate.type.MaterializedNClobType@16d431b4
2022-06-28 16:33:30.462 DEBUG 19600 --- [main] org.hibernate.type.BasicTypeRegistry     : Adding type registration serializable -> org.hibernate.type.SerializableType@71936a92
2022-06-28 16:33:30.465 DEBUG 19600 --- [main] org.hibernate.type.BasicTypeRegistry     : Adding type registration object -> org.hibernate.type.ObjectType@6cbb7a7d
2022-06-28 16:33:30.465 DEBUG 19600 --- [main] org.hibernate.type.BasicTypeRegistry     : Adding type registration java.lang.Object -> org.hibernate.type.ObjectType@6cbb7a7d
2022-06-28 16:33:30.466 DEBUG 19600 --- [main] org.hibernate.type.BasicTypeRegistry     : Adding type registration imm_date -> org.hibernate.type.AdaptedImmutableType@48d739f
2022-06-28 16:33:30.466 DEBUG 19600 --- [main] org.hibernate.type.BasicTypeRegistry     : Adding type registration imm_time -> org.hibernate.type.AdaptedImmutableType@51e7589f
2022-06-28 16:33:30.466 DEBUG 19600 --- [main] org.hibernate.type.BasicTypeRegistry     : Adding type registration imm_timestamp -> org.hibernate.type.AdaptedImmutableType@65cc5252
2022-06-28 16:33:30.466 DEBUG 19600 --- [main] org.hibernate.type.BasicTypeRegistry     : Adding type registration imm_dbtimestamp -> org.hibernate.type.AdaptedImmutableType@42c12b3e
2022-06-28 16:33:30.466 DEBUG 19600 --- [main] org.hibernate.type.BasicTypeRegistry     : Adding type registration imm_calendar -> org.hibernate.type.AdaptedImmutableType@2dbfa972
2022-06-28 16:33:30.466 DEBUG 19600 --- [main] org.hibernate.type.BasicTypeRegistry     : Adding type registration imm_calendar_date -> org.hibernate.type.AdaptedImmutableType@46f73ffa
2022-06-28 16:33:30.466 DEBUG 19600 --- [main] org.hibernate.type.BasicTypeRegistry     : Adding type registration imm_binary -> org.hibernate.type.AdaptedImmutableType@41aebbb4
2022-06-28 16:33:30.474 DEBUG 19600 --- [main] org.hibernate.type.BasicTypeRegistry     : Adding type registration imm_serializable -> org.hibernate.type.AdaptedImmutableType@afde064
2022-06-28 16:33:30.511  INFO 19600 --- [main] com.zaxxer.hikari.HikariDataSource       : HikariPool-1 - Starting...
2022-06-28 16:33:30.840  INFO 19600 --- [main] com.zaxxer.hikari.HikariDataSource       : HikariPool-1 - Start completed.
2022-06-28 16:33:30.860  INFO 19600 --- [main] org.hibernate.dialect.Dialect            : HHH000400: Using dialect: org.hibernate.dialect.Oracle12cDialect
2022-06-28 16:33:31.013 DEBUG 19600 --- [main] org.hibernate.type.BasicTypeRegistry     : Adding type registration byte[] -> org.hibernate.type.MaterializedBlobType@17ff8810
2022-06-28 16:33:31.014 DEBUG 19600 --- [main] org.hibernate.type.BasicTypeRegistry     : HHH000270: Type registration [byte[]] overrides previous : org.hibernate.type.BinaryType@492521c4
2022-06-28 16:33:31.014 DEBUG 19600 --- [main] org.hibernate.type.BasicTypeRegistry     : Adding type registration [B -> org.hibernate.type.MaterializedBlobType@17ff8810
2022-06-28 16:33:31.014 DEBUG 19600 --- [main] org.hibernate.type.BasicTypeRegistry     : HHH000270: Type registration [[B] overrides previous : org.hibernate.type.BinaryType@492521c4
2022-06-28 16:33:31.014 DEBUG 19600 --- [main] org.hibernate.type.BasicTypeRegistry     : Adding type registration Byte[] -> org.hibernate.type.WrappedMaterializedBlobType@d16209e
2022-06-28 16:33:31.014 DEBUG 19600 --- [main] org.hibernate.type.BasicTypeRegistry     : HHH000270: Type registration [Byte[]] overrides previous : org.hibernate.type.WrapperBinaryType@2a0b901c
2022-06-28 16:33:31.014 DEBUG 19600 --- [main] org.hibernate.type.BasicTypeRegistry     : Adding type registration [Ljava.lang.Byte; -> org.hibernate.type.WrappedMaterializedBlobType@d16209e
2022-06-28 16:33:31.014 DEBUG 19600 --- [main] org.hibernate.type.BasicTypeRegistry     : HHH000270: Type registration [[Ljava.lang.Byte;] overrides previous : org.hibernate.type.WrapperBinaryType@2a0b901c
2022-06-28 16:33:31.016 DEBUG 19600 --- [main] o.h.type.spi.TypeConfiguration$Scope     : Scoping TypeConfiguration [org.hibernate.type.spi.TypeConfiguration@3ee6dc82] to MetadataBuildingContext [org.hibernate.boot.internal.MetadataBuildingContextRootImpl@2f86f9cf]
2022-06-28 16:33:31.202 DEBUG 19600 --- [main] o.h.type.spi.TypeConfiguration$Scope     : Scoping TypeConfiguration [org.hibernate.type.spi.TypeConfiguration@3ee6dc82] to SessionFactoryImpl [org.hibernate.internal.SessionFactoryImpl@70cf7d1e]
2022-06-28 16:33:31.519  INFO 19600 --- [main] o.h.e.t.j.p.i.JtaPlatformInitiator       : HHH000490: Using JtaPlatform implementation: [org.hibernate.engine.transaction.jta.platform.internal.NoJtaPlatform]
2022-06-28 16:33:31.528 TRACE 19600 --- [main] o.h.type.spi.TypeConfiguration$Scope     : Handling #sessionFactoryCreated from [org.hibernate.internal.SessionFactoryImpl@70cf7d1e] for TypeConfiguration
2022-06-28 16:33:31.530  INFO 19600 --- [main] j.LocalContainerEntityManagerFactoryBean : Initialized JPA EntityManagerFactory for persistence unit 'default'
2022-06-28 16:33:31.942  WARN 19600 --- [main] JpaBaseConfiguration$JpaWebConfiguration : spring.jpa.open-in-view is enabled by default. Therefore, database queries may be performed during view rendering. Explicitly configure spring.jpa.open-in-view to disable this warning
2022-06-28 16:33:32.466  INFO 19600 --- [main] o.s.s.web.DefaultSecurityFilterChain     : Will secure any request with [org.springframework.security.web.session.DisableEncodeUrlFilter@7135e8cd, org.springframework.security.web.context.request.async.WebAsyncManagerIntegrationFilter@3efb863c, org.springframework.security.web.context.SecurityContextPersistenceFilter@6003eb60, org.springframework.security.web.header.HeaderWriterFilter@22ee1ad7, org.springframework.security.web.csrf.CsrfFilter@488b46da, org.springframework.security.web.authentication.logout.LogoutFilter@328bc067, org.springframework.security.web.authentication.UsernamePasswordAuthenticationFilter@14b4ce6f, org.springframework.security.web.authentication.ui.DefaultLoginPageGeneratingFilter@7187078a, org.springframework.security.web.authentication.ui.DefaultLogoutPageGeneratingFilter@5527dbb0, org.springframework.security.web.authentication.www.BasicAuthenticationFilter@3a663a45, org.springframework.security.web.savedrequest.RequestCacheAwareFilter@2552181d, org.springframework.security.web.servletapi.SecurityContextHolderAwareRequestFilter@51d9fd30, org.springframework.security.web.authentication.AnonymousAuthenticationFilter@483fe83a, org.springframework.security.web.session.SessionManagementFilter@65fa4a07, org.springframework.security.web.access.ExceptionTranslationFilter@5e9671e6, org.springframework.security.web.access.intercept.FilterSecurityInterceptor@72ce8a9b]
2022-06-28 16:33:32.523  INFO 19600 --- [main] o.s.b.w.embedded.tomcat.TomcatWebServer  : Tomcat started on port(s): 8080 (http) with context path ''
2022-06-28 16:33:32.537  INFO 19600 --- [main] c.corona.bbooksize.BbookSizeApplication  : Started BbookSizeApplication in 4.782 seconds (JVM running for 5.869)
2022-06-28 16:34:00.005  INFO 19600 --- [scheduling-1] c.c.bbooksize.scheduler.ScheduledTasks   : 16:34:00 : Generacion periodica para el envio de Colores  - {}
2022-06-28 16:34:00.122 DEBUG 19600 --- [scheduling-1] org.hibernate.SQL                        : select bbookenvia0_.idd as idd1_0_, bbookenvia0_.inactive as inactive2_0_, bbookenvia0_.sizes as sizes3_0_, bbookenvia0_.tran_type as tran_type4_0_, bbookenvia0_.type_id as type_id5_0_, bbookenvia0_.type_name as type_name6_0_ from bbook_talla bbookenvia0_ where bbookenvia0_.tran_type=?
2022-06-28 16:34:00.202 TRACE 19600 --- [scheduling-1] o.h.type.descriptor.sql.BasicBinder      : binding parameter [1] as [VARCHAR] - [A]
2022-06-28 16:34:00.409 TRACE 19600 --- [scheduling-1] o.h.type.descriptor.sql.BasicExtractor   : extracted value ([idd1_0_] : [VARCHAR]) - [AAAACOAABAAAAWJAAA]
2022-06-28 16:34:00.414 TRACE 19600 --- [scheduling-1] o.h.type.descriptor.sql.BasicExtractor   : extracted value ([inactive2_0_] : [VARCHAR]) - [false]
2022-06-28 16:34:00.430 ERROR 19600 --- [scheduling-1] o.s.s.s.TaskUtils$LoggingErrorHandler    : Unexpected error occurred in scheduled task

org.springframework.orm.jpa.JpaSystemException: could not deserialize; nested exception is org.hibernate.type.SerializationException: could not deserialize
	at org.springframework.orm.jpa.vendor.HibernateJpaDialect.convertHibernateAccessException(HibernateJpaDialect.java:331) ~[spring-orm-5.3.20.jar:5.3.20]
	at org.springframework.orm.jpa.vendor.HibernateJpaDialect.translateExceptionIfPossible(HibernateJpaDialect.java:233) ~[spring-orm-5.3.20.jar:5.3.20]
	at org.springframework.orm.jpa.AbstractEntityManagerFactoryBean.translateExceptionIfPossible(AbstractEntityManagerFactoryBean.java:551) ~[spring-orm-5.3.20.jar:5.3.20]
	at org.springframework.dao.support.ChainedPersistenceExceptionTranslator.translateExceptionIfPossible(ChainedPersistenceExceptionTranslator.java:61) ~[spring-tx-5.3.20.jar:5.3.20]
	at org.springframework.dao.support.DataAccessUtils.translateIfNecessary(DataAccessUtils.java:242) ~[spring-tx-5.3.20.jar:5.3.20]
	at org.springframework.dao.support.PersistenceExceptionTranslationInterceptor.invoke(PersistenceExceptionTranslationInterceptor.java:152) ~[spring-tx-5.3.20.jar:5.3.20]
	at org.springframework.aop.framework.ReflectiveMethodInvocation.proceed(ReflectiveMethodInvocation.java:186) ~[spring-aop-5.3.20.jar:5.3.20]
	at org.springframework.data.jpa.repository.support.CrudMethodMetadataPostProcessor$CrudMethodMetadataPopulatingMethodInterceptor.invoke(CrudMethodMetadataPostProcessor.java:145) ~[spring-data-jpa-2.7.0.jar:2.7.0]
	at org.springframework.aop.framework.ReflectiveMethodInvocation.proceed(ReflectiveMethodInvocation.java:186) ~[spring-aop-5.3.20.jar:5.3.20]
	at org.springframework.aop.interceptor.ExposeInvocationInterceptor.invoke(ExposeInvocationInterceptor.java:97) ~[spring-aop-5.3.20.jar:5.3.20]
	at org.springframework.aop.framework.ReflectiveMethodInvocation.proceed(ReflectiveMethodInvocation.java:186) ~[spring-aop-5.3.20.jar:5.3.20]
	at org.springframework.aop.framework.JdkDynamicAopProxy.invoke(JdkDynamicAopProxy.java:215) ~[spring-aop-5.3.20.jar:5.3.20]
	at com.sun.proxy.$Proxy103.findAllByTranType(Unknown Source) ~[na:na]
	at cl.corona.bbooksize.scheduler.ScheduledTasks.scheduledBbook(ScheduledTasks.java:49) ~[classes/:na]
	at java.base/jdk.internal.reflect.NativeMethodAccessorImpl.invoke0(Native Method) ~[na:na]
	at java.base/jdk.internal.reflect.NativeMethodAccessorImpl.invoke(NativeMethodAccessorImpl.java:62) ~[na:na]
	at java.base/jdk.internal.reflect.DelegatingMethodAccessorImpl.invoke(DelegatingMethodAccessorImpl.java:43) ~[na:na]
	at java.base/java.lang.reflect.Method.invoke(Method.java:566) ~[na:na]
	at org.springframework.scheduling.support.ScheduledMethodRunnable.run(ScheduledMethodRunnable.java:84) ~[spring-context-5.3.20.jar:5.3.20]
	at org.springframework.scheduling.support.DelegatingErrorHandlingRunnable.run(DelegatingErrorHandlingRunnable.java:54) ~[spring-context-5.3.20.jar:5.3.20]
	at org.springframework.scheduling.concurrent.ReschedulingRunnable.run(ReschedulingRunnable.java:95) ~[spring-context-5.3.20.jar:5.3.20]
	at java.base/java.util.concurrent.Executors$RunnableAdapter.call(Executors.java:515) ~[na:na]
	at java.base/java.util.concurrent.FutureTask.run(FutureTask.java:264) ~[na:na]
	at java.base/java.util.concurrent.ScheduledThreadPoolExecutor$ScheduledFutureTask.run(ScheduledThreadPoolExecutor.java:304) ~[na:na]
	at java.base/java.util.concurrent.ThreadPoolExecutor.runWorker(ThreadPoolExecutor.java:1128) ~[na:na]
	at java.base/java.util.concurrent.ThreadPoolExecutor$Worker.run(ThreadPoolExecutor.java:628) ~[na:na]
	at java.base/java.lang.Thread.run(Thread.java:834) ~[na:na]
Caused by: org.hibernate.type.SerializationException: could not deserialize
	at org.hibernate.internal.util.SerializationHelper.doDeserialize(SerializationHelper.java:243) ~[hibernate-core-5.6.9.Final.jar:5.6.9.Final]
	at org.hibernate.internal.util.SerializationHelper.deserialize(SerializationHelper.java:287) ~[hibernate-core-5.6.9.Final.jar:5.6.9.Final]
	at org.hibernate.type.descriptor.java.SerializableTypeDescriptor.fromBytes(SerializableTypeDescriptor.java:138) ~[hibernate-core-5.6.9.Final.jar:5.6.9.Final]
	at org.hibernate.type.descriptor.java.SerializableTypeDescriptor.wrap(SerializableTypeDescriptor.java:113) ~[hibernate-core-5.6.9.Final.jar:5.6.9.Final]
	at org.hibernate.type.descriptor.java.SerializableTypeDescriptor.wrap(SerializableTypeDescriptor.java:29) ~[hibernate-core-5.6.9.Final.jar:5.6.9.Final]
	at org.hibernate.type.descriptor.sql.VarbinaryTypeDescriptor$2.doExtract(VarbinaryTypeDescriptor.java:60) ~[hibernate-core-5.6.9.Final.jar:5.6.9.Final]
	at org.hibernate.type.descriptor.sql.BasicExtractor.extract(BasicExtractor.java:47) ~[hibernate-core-5.6.9.Final.jar:5.6.9.Final]
	at org.hibernate.type.AbstractStandardBasicType.nullSafeGet(AbstractStandardBasicType.java:257) ~[hibernate-core-5.6.9.Final.jar:5.6.9.Final]
	at org.hibernate.type.AbstractStandardBasicType.nullSafeGet(AbstractStandardBasicType.java:253) ~[hibernate-core-5.6.9.Final.jar:5.6.9.Final]
	at org.hibernate.type.AbstractStandardBasicType.nullSafeGet(AbstractStandardBasicType.java:243) ~[hibernate-core-5.6.9.Final.jar:5.6.9.Final]
	at org.hibernate.type.AbstractStandardBasicType.hydrate(AbstractStandardBasicType.java:329) ~[hibernate-core-5.6.9.Final.jar:5.6.9.Final]
	at org.hibernate.persister.entity.AbstractEntityPersister.hydrate(AbstractEntityPersister.java:3214) ~[hibernate-core-5.6.9.Final.jar:5.6.9.Final]
	at org.hibernate.loader.Loader.loadFromResultSet(Loader.java:1887) ~[hibernate-core-5.6.9.Final.jar:5.6.9.Final]
	at org.hibernate.loader.Loader.hydrateEntityState(Loader.java:1811) ~[hibernate-core-5.6.9.Final.jar:5.6.9.Final]
	at org.hibernate.loader.Loader.instanceNotYetLoaded(Loader.java:1784) ~[hibernate-core-5.6.9.Final.jar:5.6.9.Final]
	at org.hibernate.loader.Loader.getRow(Loader.java:1624) ~[hibernate-core-5.6.9.Final.jar:5.6.9.Final]
	at org.hibernate.loader.Loader.getRowFromResultSet(Loader.java:748) ~[hibernate-core-5.6.9.Final.jar:5.6.9.Final]
	at org.hibernate.loader.Loader.getRowsFromResultSet(Loader.java:1047) ~[hibernate-core-5.6.9.Final.jar:5.6.9.Final]
	at org.hibernate.loader.Loader.processResultSet(Loader.java:998) ~[hibernate-core-5.6.9.Final.jar:5.6.9.Final]
	at org.hibernate.loader.Loader.doQuery(Loader.java:967) ~[hibernate-core-5.6.9.Final.jar:5.6.9.Final]
	at org.hibernate.loader.Loader.doQueryAndInitializeNonLazyCollections(Loader.java:357) ~[hibernate-core-5.6.9.Final.jar:5.6.9.Final]
	at org.hibernate.loader.Loader.doList(Loader.java:2868) ~[hibernate-core-5.6.9.Final.jar:5.6.9.Final]
	at org.hibernate.loader.Loader.doList(Loader.java:2850) ~[hibernate-core-5.6.9.Final.jar:5.6.9.Final]
	at org.hibernate.loader.Loader.listIgnoreQueryCache(Loader.java:2682) ~[hibernate-core-5.6.9.Final.jar:5.6.9.Final]
	at org.hibernate.loader.Loader.list(Loader.java:2677) ~[hibernate-core-5.6.9.Final.jar:5.6.9.Final]
	at org.hibernate.loader.hql.QueryLoader.list(QueryLoader.java:540) ~[hibernate-core-5.6.9.Final.jar:5.6.9.Final]
	at org.hibernate.hql.internal.ast.QueryTranslatorImpl.list(QueryTranslatorImpl.java:400) ~[hibernate-core-5.6.9.Final.jar:5.6.9.Final]
	at org.hibernate.engine.query.spi.HQLQueryPlan.performList(HQLQueryPlan.java:219) ~[hibernate-core-5.6.9.Final.jar:5.6.9.Final]
	at org.hibernate.internal.SessionImpl.list(SessionImpl.java:1459) ~[hibernate-core-5.6.9.Final.jar:5.6.9.Final]
	at org.hibernate.query.internal.AbstractProducedQuery.doList(AbstractProducedQuery.java:1649) ~[hibernate-core-5.6.9.Final.jar:5.6.9.Final]
	at org.hibernate.query.internal.AbstractProducedQuery.list(AbstractProducedQuery.java:1617) ~[hibernate-core-5.6.9.Final.jar:5.6.9.Final]
	at org.hibernate.query.Query.getResultList(Query.java:165) ~[hibernate-core-5.6.9.Final.jar:5.6.9.Final]
	at org.hibernate.query.criteria.internal.compile.CriteriaQueryTypeQueryAdapter.getResultList(CriteriaQueryTypeQueryAdapter.java:76) ~[hibernate-core-5.6.9.Final.jar:5.6.9.Final]
	at java.base/jdk.internal.reflect.NativeMethodAccessorImpl.invoke0(Native Method) ~[na:na]
	at java.base/jdk.internal.reflect.NativeMethodAccessorImpl.invoke(NativeMethodAccessorImpl.java:62) ~[na:na]
	at java.base/jdk.internal.reflect.DelegatingMethodAccessorImpl.invoke(DelegatingMethodAccessorImpl.java:43) ~[na:na]
	at java.base/java.lang.reflect.Method.invoke(Method.java:566) ~[na:na]
	at org.springframework.orm.jpa.SharedEntityManagerCreator$DeferredQueryInvocationHandler.invoke(SharedEntityManagerCreator.java:406) ~[spring-orm-5.3.20.jar:5.3.20]
	at com.sun.proxy.$Proxy115.getResultList(Unknown Source) ~[na:na]
	at org.springframework.data.jpa.repository.query.JpaQueryExecution$CollectionExecution.doExecute(JpaQueryExecution.java:128) ~[spring-data-jpa-2.7.0.jar:2.7.0]
	at org.springframework.data.jpa.repository.query.JpaQueryExecution.execute(JpaQueryExecution.java:90) ~[spring-data-jpa-2.7.0.jar:2.7.0]
	at org.springframework.data.jpa.repository.query.AbstractJpaQuery.doExecute(AbstractJpaQuery.java:156) ~[spring-data-jpa-2.7.0.jar:2.7.0]
	at org.springframework.data.jpa.repository.query.AbstractJpaQuery.execute(AbstractJpaQuery.java:144) ~[spring-data-jpa-2.7.0.jar:2.7.0]
	at org.springframework.data.repository.core.support.RepositoryMethodInvoker.doInvoke(RepositoryMethodInvoker.java:137) ~[spring-data-commons-2.7.0.jar:2.7.0]
	at org.springframework.data.repository.core.support.RepositoryMethodInvoker.invoke(RepositoryMethodInvoker.java:121) ~[spring-data-commons-2.7.0.jar:2.7.0]
	at org.springframework.data.repository.core.support.QueryExecutorMethodInterceptor.doInvoke(QueryExecutorMethodInterceptor.java:159) ~[spring-data-commons-2.7.0.jar:2.7.0]
	at org.springframework.data.repository.core.support.QueryExecutorMethodInterceptor.invoke(QueryExecutorMethodInterceptor.java:138) ~[spring-data-commons-2.7.0.jar:2.7.0]
	at org.springframework.aop.framework.ReflectiveMethodInvocation.proceed(ReflectiveMethodInvocation.java:186) ~[spring-aop-5.3.20.jar:5.3.20]
	at org.springframework.transaction.interceptor.TransactionInterceptor$1.proceedWithInvocation(TransactionInterceptor.java:123) ~[spring-tx-5.3.20.jar:5.3.20]
	at org.springframework.transaction.interceptor.TransactionAspectSupport.invokeWithinTransaction(TransactionAspectSupport.java:388) ~[spring-tx-5.3.20.jar:5.3.20]
	at org.springframework.transaction.interceptor.TransactionInterceptor.invoke(TransactionInterceptor.java:119) ~[spring-tx-5.3.20.jar:5.3.20]
	at org.springframework.aop.framework.ReflectiveMethodInvocation.proceed(ReflectiveMethodInvocation.java:186) ~[spring-aop-5.3.20.jar:5.3.20]
	at org.springframework.dao.support.PersistenceExceptionTranslationInterceptor.invoke(PersistenceExceptionTranslationInterceptor.java:137) ~[spring-tx-5.3.20.jar:5.3.20]
	... 21 common frames omitted
Caused by: java.io.StreamCorruptedException: invalid stream header: 412C2041
	at java.base/java.io.ObjectInputStream.readStreamHeader(ObjectInputStream.java:946) ~[na:na]
	at java.base/java.io.ObjectInputStream.<init>(ObjectInputStream.java:385) ~[na:na]
	at org.hibernate.internal.util.SerializationHelper$CustomObjectInputStream.<init>(SerializationHelper.java:309) ~[hibernate-core-5.6.9.Final.jar:5.6.9.Final]
	at org.hibernate.internal.util.SerializationHelper$CustomObjectInputStream.<init>(SerializationHelper.java:299) ~[hibernate-core-5.6.9.Final.jar:5.6.9.Final]
	at org.hibernate.internal.util.SerializationHelper.doDeserialize(SerializationHelper.java:218) ~[hibernate-core-5.6.9.Final.jar:5.6.9.Final]
	... 73 common frames omitted

2022-06-28 16:34:48.703  INFO 18528 --- [main] c.corona.bbooksize.BbookSizeApplication  : Starting BbookSizeApplication using Java 11.0.15 on MCSAPGS-0004 with PID 18528 (C:\Users\dabarca\Documents\Dev\bbook-size\target\classes started by dabarca in C:\Users\dabarca\Documents\Dev\bbook-size)
2022-06-28 16:34:48.706  INFO 18528 --- [main] c.corona.bbooksize.BbookSizeApplication  : No active profile set, falling back to 1 default profile: "default"
2022-06-28 16:34:49.309  INFO 18528 --- [main] .s.d.r.c.RepositoryConfigurationDelegate : Bootstrapping Spring Data JPA repositories in DEFAULT mode.
2022-06-28 16:34:49.355  INFO 18528 --- [main] .s.d.r.c.RepositoryConfigurationDelegate : Finished Spring Data repository scanning in 36 ms. Found 1 JPA repository interfaces.
2022-06-28 16:34:49.865  INFO 18528 --- [main] o.s.b.w.embedded.tomcat.TomcatWebServer  : Tomcat initialized with port(s): 8080 (http)
2022-06-28 16:34:49.874  INFO 18528 --- [main] o.apache.catalina.core.StandardService   : Starting service [Tomcat]
2022-06-28 16:34:49.875  INFO 18528 --- [main] org.apache.catalina.core.StandardEngine  : Starting Servlet engine: [Apache Tomcat/9.0.63]
2022-06-28 16:34:49.982  INFO 18528 --- [main] o.a.c.c.C.[Tomcat].[localhost].[/]       : Initializing Spring embedded WebApplicationContext
2022-06-28 16:34:49.982  INFO 18528 --- [main] w.s.c.ServletWebServerApplicationContext : Root WebApplicationContext: initialization completed in 1231 ms
2022-06-28 16:34:50.185  INFO 18528 --- [main] o.hibernate.jpa.internal.util.LogHelper  : HHH000204: Processing PersistenceUnitInfo [name: default]
2022-06-28 16:34:50.224  INFO 18528 --- [main] org.hibernate.Version                    : HHH000412: Hibernate ORM core version 5.6.9.Final
2022-06-28 16:34:50.346  INFO 18528 --- [main] o.hibernate.annotations.common.Version   : HCANN000001: Hibernate Commons Annotations {5.1.2.Final}
2022-06-28 16:34:50.367 DEBUG 18528 --- [main] org.hibernate.type.BasicTypeRegistry     : Adding type registration boolean -> org.hibernate.type.BooleanType@3c28e5b6
2022-06-28 16:34:50.368 DEBUG 18528 --- [main] org.hibernate.type.BasicTypeRegistry     : Adding type registration boolean -> org.hibernate.type.BooleanType@3c28e5b6
2022-06-28 16:34:50.368 DEBUG 18528 --- [main] org.hibernate.type.BasicTypeRegistry     : Adding type registration java.lang.Boolean -> org.hibernate.type.BooleanType@3c28e5b6
2022-06-28 16:34:50.368 DEBUG 18528 --- [main] org.hibernate.type.BasicTypeRegistry     : Adding type registration numeric_boolean -> org.hibernate.type.NumericBooleanType@646cd766
2022-06-28 16:34:50.369 DEBUG 18528 --- [main] org.hibernate.type.BasicTypeRegistry     : Adding type registration true_false -> org.hibernate.type.TrueFalseType@2faa55bb
2022-06-28 16:34:50.370 DEBUG 18528 --- [main] org.hibernate.type.BasicTypeRegistry     : Adding type registration yes_no -> org.hibernate.type.YesNoType@764a3e5d
2022-06-28 16:34:50.371 DEBUG 18528 --- [main] org.hibernate.type.BasicTypeRegistry     : Adding type registration byte -> org.hibernate.type.ByteType@3c7279a5
2022-06-28 16:34:50.372 DEBUG 18528 --- [main] org.hibernate.type.BasicTypeRegistry     : Adding type registration byte -> org.hibernate.type.ByteType@3c7279a5
2022-06-28 16:34:50.372 DEBUG 18528 --- [main] org.hibernate.type.BasicTypeRegistry     : Adding type registration java.lang.Byte -> org.hibernate.type.ByteType@3c7279a5
2022-06-28 16:34:50.373 DEBUG 18528 --- [main] org.hibernate.type.BasicTypeRegistry     : Adding type registration character -> org.hibernate.type.CharacterType@f882465
2022-06-28 16:34:50.373 DEBUG 18528 --- [main] org.hibernate.type.BasicTypeRegistry     : Adding type registration char -> org.hibernate.type.CharacterType@f882465
2022-06-28 16:34:50.373 DEBUG 18528 --- [main] org.hibernate.type.BasicTypeRegistry     : Adding type registration java.lang.Character -> org.hibernate.type.CharacterType@f882465
2022-06-28 16:34:50.374 DEBUG 18528 --- [main] org.hibernate.type.BasicTypeRegistry     : Adding type registration short -> org.hibernate.type.ShortType@5e85c21b
2022-06-28 16:34:50.374 DEBUG 18528 --- [main] org.hibernate.type.BasicTypeRegistry     : Adding type registration short -> org.hibernate.type.ShortType@5e85c21b
2022-06-28 16:34:50.375 DEBUG 18528 --- [main] org.hibernate.type.BasicTypeRegistry     : Adding type registration java.lang.Short -> org.hibernate.type.ShortType@5e85c21b
2022-06-28 16:34:50.376 DEBUG 18528 --- [main] org.hibernate.type.BasicTypeRegistry     : Adding type registration integer -> org.hibernate.type.IntegerType@26e8ff8c
2022-06-28 16:34:50.376 DEBUG 18528 --- [main] org.hibernate.type.BasicTypeRegistry     : Adding type registration int -> org.hibernate.type.IntegerType@26e8ff8c
2022-06-28 16:34:50.376 DEBUG 18528 --- [main] org.hibernate.type.BasicTypeRegistry     : Adding type registration java.lang.Integer -> org.hibernate.type.IntegerType@26e8ff8c
2022-06-28 16:34:50.377 DEBUG 18528 --- [main] org.hibernate.type.BasicTypeRegistry     : Adding type registration long -> org.hibernate.type.LongType@7abeabe9
2022-06-28 16:34:50.377 DEBUG 18528 --- [main] org.hibernate.type.BasicTypeRegistry     : Adding type registration long -> org.hibernate.type.LongType@7abeabe9
2022-06-28 16:34:50.377 DEBUG 18528 --- [main] org.hibernate.type.BasicTypeRegistry     : Adding type registration java.lang.Long -> org.hibernate.type.LongType@7abeabe9
2022-06-28 16:34:50.387 DEBUG 18528 --- [main] org.hibernate.type.BasicTypeRegistry     : Adding type registration float -> org.hibernate.type.FloatType@5a4dda2
2022-06-28 16:34:50.387 DEBUG 18528 --- [main] org.hibernate.type.BasicTypeRegistry     : Adding type registration float -> org.hibernate.type.FloatType@5a4dda2
2022-06-28 16:34:50.387 DEBUG 18528 --- [main] org.hibernate.type.BasicTypeRegistry     : Adding type registration java.lang.Float -> org.hibernate.type.FloatType@5a4dda2
2022-06-28 16:34:50.388 DEBUG 18528 --- [main] org.hibernate.type.BasicTypeRegistry     : Adding type registration double -> org.hibernate.type.DoubleType@11a3a45f
2022-06-28 16:34:50.388 DEBUG 18528 --- [main] org.hibernate.type.BasicTypeRegistry     : Adding type registration double -> org.hibernate.type.DoubleType@11a3a45f
2022-06-28 16:34:50.388 DEBUG 18528 --- [main] org.hibernate.type.BasicTypeRegistry     : Adding type registration java.lang.Double -> org.hibernate.type.DoubleType@11a3a45f
2022-06-28 16:34:50.390 DEBUG 18528 --- [main] org.hibernate.type.BasicTypeRegistry     : Adding type registration big_decimal -> org.hibernate.type.BigDecimalType@10f405ff
2022-06-28 16:34:50.390 DEBUG 18528 --- [main] org.hibernate.type.BasicTypeRegistry     : Adding type registration java.math.BigDecimal -> org.hibernate.type.BigDecimalType@10f405ff
2022-06-28 16:34:50.391 DEBUG 18528 --- [main] org.hibernate.type.BasicTypeRegistry     : Adding type registration big_integer -> org.hibernate.type.BigIntegerType@291a4791
2022-06-28 16:34:50.391 DEBUG 18528 --- [main] org.hibernate.type.BasicTypeRegistry     : Adding type registration java.math.BigInteger -> org.hibernate.type.BigIntegerType@291a4791
2022-06-28 16:34:50.392 DEBUG 18528 --- [main] org.hibernate.type.BasicTypeRegistry     : Adding type registration string -> org.hibernate.type.StringType@bb3ecfe
2022-06-28 16:34:50.392 DEBUG 18528 --- [main] org.hibernate.type.BasicTypeRegistry     : Adding type registration java.lang.String -> org.hibernate.type.StringType@bb3ecfe
2022-06-28 16:34:50.392 DEBUG 18528 --- [main] org.hibernate.type.BasicTypeRegistry     : Adding type registration nstring -> org.hibernate.type.StringNVarcharType@2fd1ad8a
2022-06-28 16:34:50.393 DEBUG 18528 --- [main] org.hibernate.type.BasicTypeRegistry     : Adding type registration ncharacter -> org.hibernate.type.CharacterNCharType@7a31ca20
2022-06-28 16:34:50.394 DEBUG 18528 --- [main] org.hibernate.type.BasicTypeRegistry     : Adding type registration url -> org.hibernate.type.UrlType@46394f65
2022-06-28 16:34:50.394 DEBUG 18528 --- [main] org.hibernate.type.BasicTypeRegistry     : Adding type registration java.net.URL -> org.hibernate.type.UrlType@46394f65
2022-06-28 16:34:50.403 DEBUG 18528 --- [main] org.hibernate.type.BasicTypeRegistry     : Adding type registration Duration -> org.hibernate.type.DurationType@391515c7
2022-06-28 16:34:50.403 DEBUG 18528 --- [main] org.hibernate.type.BasicTypeRegistry     : Adding type registration java.time.Duration -> org.hibernate.type.DurationType@391515c7
2022-06-28 16:34:50.404 DEBUG 18528 --- [main] org.hibernate.type.BasicTypeRegistry     : Adding type registration Instant -> org.hibernate.type.InstantType@b5aa65b
2022-06-28 16:34:50.404 DEBUG 18528 --- [main] org.hibernate.type.BasicTypeRegistry     : Adding type registration java.time.Instant -> org.hibernate.type.InstantType@b5aa65b
2022-06-28 16:34:50.405 DEBUG 18528 --- [main] org.hibernate.type.BasicTypeRegistry     : Adding type registration LocalDateTime -> org.hibernate.type.LocalDateTimeType@21f7e537
2022-06-28 16:34:50.405 DEBUG 18528 --- [main] org.hibernate.type.BasicTypeRegistry     : Adding type registration java.time.LocalDateTime -> org.hibernate.type.LocalDateTimeType@21f7e537
2022-06-28 16:34:50.406 DEBUG 18528 --- [main] org.hibernate.type.BasicTypeRegistry     : Adding type registration LocalDate -> org.hibernate.type.LocalDateType@3af2f846
2022-06-28 16:34:50.406 DEBUG 18528 --- [main] org.hibernate.type.BasicTypeRegistry     : Adding type registration java.time.LocalDate -> org.hibernate.type.LocalDateType@3af2f846
2022-06-28 16:34:50.407 DEBUG 18528 --- [main] org.hibernate.type.BasicTypeRegistry     : Adding type registration LocalTime -> org.hibernate.type.LocalTimeType@284bdeed
2022-06-28 16:34:50.408 DEBUG 18528 --- [main] org.hibernate.type.BasicTypeRegistry     : Adding type registration java.time.LocalTime -> org.hibernate.type.LocalTimeType@284bdeed
2022-06-28 16:34:50.409 DEBUG 18528 --- [main] org.hibernate.type.BasicTypeRegistry     : Adding type registration OffsetDateTime -> org.hibernate.type.OffsetDateTimeType@4aed311e
2022-06-28 16:34:50.409 DEBUG 18528 --- [main] org.hibernate.type.BasicTypeRegistry     : Adding type registration java.time.OffsetDateTime -> org.hibernate.type.OffsetDateTimeType@4aed311e
2022-06-28 16:34:50.410 DEBUG 18528 --- [main] org.hibernate.type.BasicTypeRegistry     : Adding type registration OffsetTime -> org.hibernate.type.OffsetTimeType@6e9a0bea
2022-06-28 16:34:50.410 DEBUG 18528 --- [main] org.hibernate.type.BasicTypeRegistry     : Adding type registration java.time.OffsetTime -> org.hibernate.type.OffsetTimeType@6e9a0bea
2022-06-28 16:34:50.412 DEBUG 18528 --- [main] org.hibernate.type.BasicTypeRegistry     : Adding type registration ZonedDateTime -> org.hibernate.type.ZonedDateTimeType@6986f93e
2022-06-28 16:34:50.412 DEBUG 18528 --- [main] org.hibernate.type.BasicTypeRegistry     : Adding type registration java.time.ZonedDateTime -> org.hibernate.type.ZonedDateTimeType@6986f93e
2022-06-28 16:34:50.420 DEBUG 18528 --- [main] org.hibernate.type.BasicTypeRegistry     : Adding type registration date -> org.hibernate.type.DateType@3c7b137a
2022-06-28 16:34:50.420 DEBUG 18528 --- [main] org.hibernate.type.BasicTypeRegistry     : Adding type registration java.sql.Date -> org.hibernate.type.DateType@3c7b137a
2022-06-28 16:34:50.421 DEBUG 18528 --- [main] org.hibernate.type.BasicTypeRegistry     : Adding type registration time -> org.hibernate.type.TimeType@604d28c6
2022-06-28 16:34:50.421 DEBUG 18528 --- [main] org.hibernate.type.BasicTypeRegistry     : Adding type registration java.sql.Time -> org.hibernate.type.TimeType@604d28c6
2022-06-28 16:34:50.422 DEBUG 18528 --- [main] org.hibernate.type.BasicTypeRegistry     : Adding type registration timestamp -> org.hibernate.type.TimestampType@447fa959
2022-06-28 16:34:50.422 DEBUG 18528 --- [main] org.hibernate.type.BasicTypeRegistry     : Adding type registration java.sql.Timestamp -> org.hibernate.type.TimestampType@447fa959
2022-06-28 16:34:50.422 DEBUG 18528 --- [main] org.hibernate.type.BasicTypeRegistry     : Adding type registration java.util.Date -> org.hibernate.type.TimestampType@447fa959
2022-06-28 16:34:50.423 DEBUG 18528 --- [main] org.hibernate.type.BasicTypeRegistry     : Adding type registration dbtimestamp -> org.hibernate.type.DbTimestampType@1511d157
2022-06-28 16:34:50.424 DEBUG 18528 --- [main] org.hibernate.type.BasicTypeRegistry     : Adding type registration calendar -> org.hibernate.type.CalendarType@73a6cc79
2022-06-28 16:34:50.424 DEBUG 18528 --- [main] org.hibernate.type.BasicTypeRegistry     : Adding type registration java.util.Calendar -> org.hibernate.type.CalendarType@73a6cc79
2022-06-28 16:34:50.424 DEBUG 18528 --- [main] org.hibernate.type.BasicTypeRegistry     : Adding type registration java.util.GregorianCalendar -> org.hibernate.type.CalendarType@73a6cc79
2022-06-28 16:34:50.425 DEBUG 18528 --- [main] org.hibernate.type.BasicTypeRegistry     : Adding type registration calendar_date -> org.hibernate.type.CalendarDateType@51ba952e
2022-06-28 16:34:50.426 DEBUG 18528 --- [main] org.hibernate.type.BasicTypeRegistry     : Adding type registration calendar_time -> org.hibernate.type.CalendarTimeType@7e49ded
2022-06-28 16:34:50.426 DEBUG 18528 --- [main] org.hibernate.type.BasicTypeRegistry     : Adding type registration locale -> org.hibernate.type.LocaleType@1ee5632d
2022-06-28 16:34:50.426 DEBUG 18528 --- [main] org.hibernate.type.BasicTypeRegistry     : Adding type registration java.util.Locale -> org.hibernate.type.LocaleType@1ee5632d
2022-06-28 16:34:50.427 DEBUG 18528 --- [main] org.hibernate.type.BasicTypeRegistry     : Adding type registration currency -> org.hibernate.type.CurrencyType@59c43561
2022-06-28 16:34:50.434 DEBUG 18528 --- [main] org.hibernate.type.BasicTypeRegistry     : Adding type registration java.util.Currency -> org.hibernate.type.CurrencyType@59c43561
2022-06-28 16:34:50.435 DEBUG 18528 --- [main] org.hibernate.type.BasicTypeRegistry     : Adding type registration timezone -> org.hibernate.type.TimeZoneType@52abed9d
2022-06-28 16:34:50.435 DEBUG 18528 --- [main] org.hibernate.type.BasicTypeRegistry     : Adding type registration java.util.TimeZone -> org.hibernate.type.TimeZoneType@52abed9d
2022-06-28 16:34:50.436 DEBUG 18528 --- [main] org.hibernate.type.BasicTypeRegistry     : Adding type registration class -> org.hibernate.type.ClassType@7aded903
2022-06-28 16:34:50.436 DEBUG 18528 --- [main] org.hibernate.type.BasicTypeRegistry     : Adding type registration java.lang.Class -> org.hibernate.type.ClassType@7aded903
2022-06-28 16:34:50.437 DEBUG 18528 --- [main] org.hibernate.type.BasicTypeRegistry     : Adding type registration uuid-binary -> org.hibernate.type.UUIDBinaryType@2871ac91
2022-06-28 16:34:50.437 DEBUG 18528 --- [main] org.hibernate.type.BasicTypeRegistry     : Adding type registration java.util.UUID -> org.hibernate.type.UUIDBinaryType@2871ac91
2022-06-28 16:34:50.438 DEBUG 18528 --- [main] org.hibernate.type.BasicTypeRegistry     : Adding type registration uuid-char -> org.hibernate.type.UUIDCharType@257f30f7
2022-06-28 16:34:50.439 DEBUG 18528 --- [main] org.hibernate.type.BasicTypeRegistry     : Adding type registration binary -> org.hibernate.type.BinaryType@2322e56f
2022-06-28 16:34:50.439 DEBUG 18528 --- [main] org.hibernate.type.BasicTypeRegistry     : Adding type registration byte[] -> org.hibernate.type.BinaryType@2322e56f
2022-06-28 16:34:50.439 DEBUG 18528 --- [main] org.hibernate.type.BasicTypeRegistry     : Adding type registration [B -> org.hibernate.type.BinaryType@2322e56f
2022-06-28 16:34:50.440 DEBUG 18528 --- [main] org.hibernate.type.BasicTypeRegistry     : Adding type registration wrapper-binary -> org.hibernate.type.WrapperBinaryType@372f0a99
2022-06-28 16:34:50.441 DEBUG 18528 --- [main] org.hibernate.type.BasicTypeRegistry     : Adding type registration Byte[] -> org.hibernate.type.WrapperBinaryType@372f0a99
2022-06-28 16:34:50.441 DEBUG 18528 --- [main] org.hibernate.type.BasicTypeRegistry     : Adding type registration [Ljava.lang.Byte; -> org.hibernate.type.WrapperBinaryType@372f0a99
2022-06-28 16:34:50.441 DEBUG 18528 --- [main] org.hibernate.type.BasicTypeRegistry     : Adding type registration row_version -> org.hibernate.type.RowVersionType@b1b471
2022-06-28 16:34:50.442 DEBUG 18528 --- [main] org.hibernate.type.BasicTypeRegistry     : Adding type registration image -> org.hibernate.type.ImageType@443a06ad
2022-06-28 16:34:50.443 DEBUG 18528 --- [main] org.hibernate.type.BasicTypeRegistry     : Adding type registration characters -> org.hibernate.type.CharArrayType@3d104c9b
2022-06-28 16:34:50.450 DEBUG 18528 --- [main] org.hibernate.type.BasicTypeRegistry     : Adding type registration char[] -> org.hibernate.type.CharArrayType@3d104c9b
2022-06-28 16:34:50.450 DEBUG 18528 --- [main] org.hibernate.type.BasicTypeRegistry     : Adding type registration [C -> org.hibernate.type.CharArrayType@3d104c9b
2022-06-28 16:34:50.451 DEBUG 18528 --- [main] org.hibernate.type.BasicTypeRegistry     : Adding type registration wrapper-characters -> org.hibernate.type.CharacterArrayType@7c8874ef
2022-06-28 16:34:50.452 DEBUG 18528 --- [main] org.hibernate.type.BasicTypeRegistry     : Adding type registration [Ljava.lang.Character; -> org.hibernate.type.CharacterArrayType@7c8874ef
2022-06-28 16:34:50.452 DEBUG 18528 --- [main] org.hibernate.type.BasicTypeRegistry     : Adding type registration Character[] -> org.hibernate.type.CharacterArrayType@7c8874ef
2022-06-28 16:34:50.452 DEBUG 18528 --- [main] org.hibernate.type.BasicTypeRegistry     : Adding type registration text -> org.hibernate.type.TextType@6b2fdffc
2022-06-28 16:34:50.453 DEBUG 18528 --- [main] org.hibernate.type.BasicTypeRegistry     : Adding type registration ntext -> org.hibernate.type.NTextType@637c840d
2022-06-28 16:34:50.454 DEBUG 18528 --- [main] org.hibernate.type.BasicTypeRegistry     : Adding type registration blob -> org.hibernate.type.BlobType@5438fa43
2022-06-28 16:34:50.454 DEBUG 18528 --- [main] org.hibernate.type.BasicTypeRegistry     : Adding type registration java.sql.Blob -> org.hibernate.type.BlobType@5438fa43
2022-06-28 16:34:50.455 DEBUG 18528 --- [main] org.hibernate.type.BasicTypeRegistry     : Adding type registration materialized_blob -> org.hibernate.type.MaterializedBlobType@7e7740a5
2022-06-28 16:34:50.456 DEBUG 18528 --- [main] org.hibernate.type.BasicTypeRegistry     : Adding type registration clob -> org.hibernate.type.ClobType@382d71c7
2022-06-28 16:34:50.456 DEBUG 18528 --- [main] org.hibernate.type.BasicTypeRegistry     : Adding type registration java.sql.Clob -> org.hibernate.type.ClobType@382d71c7
2022-06-28 16:34:50.457 DEBUG 18528 --- [main] org.hibernate.type.BasicTypeRegistry     : Adding type registration nclob -> org.hibernate.type.NClobType@3b0d3a63
2022-06-28 16:34:50.457 DEBUG 18528 --- [main] org.hibernate.type.BasicTypeRegistry     : Adding type registration java.sql.NClob -> org.hibernate.type.NClobType@3b0d3a63
2022-06-28 16:34:50.458 DEBUG 18528 --- [main] org.hibernate.type.BasicTypeRegistry     : Adding type registration materialized_clob -> org.hibernate.type.MaterializedClobType@11f23038
2022-06-28 16:34:50.458 DEBUG 18528 --- [main] org.hibernate.type.BasicTypeRegistry     : Adding type registration materialized_nclob -> org.hibernate.type.MaterializedNClobType@5c8d58ed
2022-06-28 16:34:50.467 DEBUG 18528 --- [main] org.hibernate.type.BasicTypeRegistry     : Adding type registration serializable -> org.hibernate.type.SerializableType@50ec4bfc
2022-06-28 16:34:50.469 DEBUG 18528 --- [main] org.hibernate.type.BasicTypeRegistry     : Adding type registration object -> org.hibernate.type.ObjectType@27a9f025
2022-06-28 16:34:50.470 DEBUG 18528 --- [main] org.hibernate.type.BasicTypeRegistry     : Adding type registration java.lang.Object -> org.hibernate.type.ObjectType@27a9f025
2022-06-28 16:34:50.470 DEBUG 18528 --- [main] org.hibernate.type.BasicTypeRegistry     : Adding type registration imm_date -> org.hibernate.type.AdaptedImmutableType@45037e16
2022-06-28 16:34:50.470 DEBUG 18528 --- [main] org.hibernate.type.BasicTypeRegistry     : Adding type registration imm_time -> org.hibernate.type.AdaptedImmutableType@2f2e4bde
2022-06-28 16:34:50.470 DEBUG 18528 --- [main] org.hibernate.type.BasicTypeRegistry     : Adding type registration imm_timestamp -> org.hibernate.type.AdaptedImmutableType@6222391a
2022-06-28 16:34:50.470 DEBUG 18528 --- [main] org.hibernate.type.BasicTypeRegistry     : Adding type registration imm_dbtimestamp -> org.hibernate.type.AdaptedImmutableType@538a2f0e
2022-06-28 16:34:50.470 DEBUG 18528 --- [main] org.hibernate.type.BasicTypeRegistry     : Adding type registration imm_calendar -> org.hibernate.type.AdaptedImmutableType@d2708a7
2022-06-28 16:34:50.470 DEBUG 18528 --- [main] org.hibernate.type.BasicTypeRegistry     : Adding type registration imm_calendar_date -> org.hibernate.type.AdaptedImmutableType@508ad266
2022-06-28 16:34:50.471 DEBUG 18528 --- [main] org.hibernate.type.BasicTypeRegistry     : Adding type registration imm_binary -> org.hibernate.type.AdaptedImmutableType@2313db84
2022-06-28 16:34:50.471 DEBUG 18528 --- [main] org.hibernate.type.BasicTypeRegistry     : Adding type registration imm_serializable -> org.hibernate.type.AdaptedImmutableType@216372b7
2022-06-28 16:34:50.503  INFO 18528 --- [main] com.zaxxer.hikari.HikariDataSource       : HikariPool-1 - Starting...
2022-06-28 16:34:50.844  INFO 18528 --- [main] com.zaxxer.hikari.HikariDataSource       : HikariPool-1 - Start completed.
2022-06-28 16:34:50.859  INFO 18528 --- [main] org.hibernate.dialect.Dialect            : HHH000400: Using dialect: org.hibernate.dialect.Oracle12cDialect
2022-06-28 16:34:50.998 DEBUG 18528 --- [main] org.hibernate.type.BasicTypeRegistry     : Adding type registration byte[] -> org.hibernate.type.MaterializedBlobType@7e7740a5
2022-06-28 16:34:50.999 DEBUG 18528 --- [main] org.hibernate.type.BasicTypeRegistry     : HHH000270: Type registration [byte[]] overrides previous : org.hibernate.type.BinaryType@2322e56f
2022-06-28 16:34:50.999 DEBUG 18528 --- [main] org.hibernate.type.BasicTypeRegistry     : Adding type registration [B -> org.hibernate.type.MaterializedBlobType@7e7740a5
2022-06-28 16:34:50.999 DEBUG 18528 --- [main] org.hibernate.type.BasicTypeRegistry     : HHH000270: Type registration [[B] overrides previous : org.hibernate.type.BinaryType@2322e56f
2022-06-28 16:34:50.999 DEBUG 18528 --- [main] org.hibernate.type.BasicTypeRegistry     : Adding type registration Byte[] -> org.hibernate.type.WrappedMaterializedBlobType@98637a2
2022-06-28 16:34:50.999 DEBUG 18528 --- [main] org.hibernate.type.BasicTypeRegistry     : HHH000270: Type registration [Byte[]] overrides previous : org.hibernate.type.WrapperBinaryType@372f0a99
2022-06-28 16:34:50.999 DEBUG 18528 --- [main] org.hibernate.type.BasicTypeRegistry     : Adding type registration [Ljava.lang.Byte; -> org.hibernate.type.WrappedMaterializedBlobType@98637a2
2022-06-28 16:34:50.999 DEBUG 18528 --- [main] org.hibernate.type.BasicTypeRegistry     : HHH000270: Type registration [[Ljava.lang.Byte;] overrides previous : org.hibernate.type.WrapperBinaryType@372f0a99
2022-06-28 16:34:51.001 DEBUG 18528 --- [main] o.h.type.spi.TypeConfiguration$Scope     : Scoping TypeConfiguration [org.hibernate.type.spi.TypeConfiguration@21c75084] to MetadataBuildingContext [org.hibernate.boot.internal.MetadataBuildingContextRootImpl@d16209e]
2022-06-28 16:34:51.161 DEBUG 18528 --- [main] o.h.type.spi.TypeConfiguration$Scope     : Scoping TypeConfiguration [org.hibernate.type.spi.TypeConfiguration@21c75084] to SessionFactoryImpl [org.hibernate.internal.SessionFactoryImpl@70139a81]
2022-06-28 16:34:51.391  INFO 18528 --- [main] o.h.e.t.j.p.i.JtaPlatformInitiator       : HHH000490: Using JtaPlatform implementation: [org.hibernate.engine.transaction.jta.platform.internal.NoJtaPlatform]
2022-06-28 16:34:51.399 TRACE 18528 --- [main] o.h.type.spi.TypeConfiguration$Scope     : Handling #sessionFactoryCreated from [org.hibernate.internal.SessionFactoryImpl@70139a81] for TypeConfiguration
2022-06-28 16:34:51.401  INFO 18528 --- [main] j.LocalContainerEntityManagerFactoryBean : Initialized JPA EntityManagerFactory for persistence unit 'default'
2022-06-28 16:34:51.749  WARN 18528 --- [main] JpaBaseConfiguration$JpaWebConfiguration : spring.jpa.open-in-view is enabled by default. Therefore, database queries may be performed during view rendering. Explicitly configure spring.jpa.open-in-view to disable this warning
2022-06-28 16:34:52.213  INFO 18528 --- [main] o.s.s.web.DefaultSecurityFilterChain     : Will secure any request with [org.springframework.security.web.session.DisableEncodeUrlFilter@1cb929a9, org.springframework.security.web.context.request.async.WebAsyncManagerIntegrationFilter@2ecc4be7, org.springframework.security.web.context.SecurityContextPersistenceFilter@8beb0dd, org.springframework.security.web.header.HeaderWriterFilter@6003eb60, org.springframework.security.web.csrf.CsrfFilter@3b3190fd, org.springframework.security.web.authentication.logout.LogoutFilter@4902c584, org.springframework.security.web.authentication.UsernamePasswordAuthenticationFilter@7abd75fc, org.springframework.security.web.authentication.ui.DefaultLoginPageGeneratingFilter@16745abd, org.springframework.security.web.authentication.ui.DefaultLogoutPageGeneratingFilter@3355d9ba, org.springframework.security.web.authentication.www.BasicAuthenticationFilter@5f877009, org.springframework.security.web.savedrequest.RequestCacheAwareFilter@233789d9, org.springframework.security.web.servletapi.SecurityContextHolderAwareRequestFilter@7f31937b, org.springframework.security.web.authentication.AnonymousAuthenticationFilter@5357de0e, org.springframework.security.web.session.SessionManagementFilter@2552181d, org.springframework.security.web.access.ExceptionTranslationFilter@5dd2ea0a, org.springframework.security.web.access.intercept.FilterSecurityInterceptor@71098fb3]
2022-06-28 16:34:52.261  INFO 18528 --- [main] o.s.b.w.embedded.tomcat.TomcatWebServer  : Tomcat started on port(s): 8080 (http) with context path ''
2022-06-28 16:34:52.275  INFO 18528 --- [main] c.corona.bbooksize.BbookSizeApplication  : Started BbookSizeApplication in 4.031 seconds (JVM running for 5.008)
2022-06-28 16:35:00.011  INFO 18528 --- [scheduling-1] c.c.bbooksize.scheduler.ScheduledTasks   : 16:35:00 : Generacion periodica para el envio de Colores  - {}
2022-06-28 16:35:00.120 DEBUG 18528 --- [scheduling-1] org.hibernate.SQL                        : select bbookenvia0_.idd as idd1_0_, bbookenvia0_.inactive as inactive2_0_, bbookenvia0_.sizes as sizes3_0_, bbookenvia0_.tran_type as tran_type4_0_, bbookenvia0_.type_id as type_id5_0_, bbookenvia0_.type_name as type_name6_0_ from bbook_talla bbookenvia0_ where bbookenvia0_.tran_type=?
2022-06-28 16:35:00.142 TRACE 18528 --- [scheduling-1] o.h.type.descriptor.sql.BasicBinder      : binding parameter [1] as [VARCHAR] - [A]
2022-06-28 16:35:00.186 TRACE 18528 --- [scheduling-1] o.h.type.descriptor.sql.BasicExtractor   : extracted value ([idd1_0_] : [VARCHAR]) - [AAAACOAABAAAAWJAAA]
2022-06-28 16:35:00.191 TRACE 18528 --- [scheduling-1] o.h.type.descriptor.sql.BasicExtractor   : extracted value ([inactive2_0_] : [VARCHAR]) - [false]
2022-06-28 16:35:00.191 TRACE 18528 --- [scheduling-1] o.h.type.descriptor.sql.BasicExtractor   : extracted value ([sizes3_0_] : [VARCHAR]) - [A, AD, B, CAJA, JR, L, L/XL, M, M/L, MT, RN, S, S/M, S/T, T/U, XL, XS, XXL, XXS, 0, 0M, 0/3, 0/6, 1, 1XL, 10, 10X, 100, 10/10, 10/11, 10/12, 10/13, 104, 10,5, 105, 108, 11, 110, 11/11, 11/12, 112, 11,5, 115, 1/2, 12, 12M, 120, 12/13, 12/18, 12,5, 13, 13,5, 14, 14/16, 1,5, 15, 15,5, 16, 16,5, 17, 17,5, 18, 18 1/, 18M, 18/24, 18,5, 19, 2, 2XL, 20, 21, 22, 23, 23/24, 24, 24M, 24/36, 2,5, 25, 26, 26/27, 27, 28, 28/29, 28/30, 287, 29, 3, 3M, 3X, 3XL, 30, 30/31, 31, 31/33, 32, 32/33, 33, 33,5, 3/4, 34, 34/36, 34,5, 3,5, 35, 35,5, 3/6, 36, 36M, 36T, 36,5, 37, 37,5, 38, 38,5, 39, 39,5, 4, 40, 40/41, 40,5, 41, 41,5, 42, 421, 42/43, 42,5, 43, 43,5, 44, 44/45, 44,5, 4,5, 45, 45,5, 46, 46,5, 47, 48, 5, 50, 52, 54, 5,5, 5/6, 56, 58, 6, 6 1/2, 6M, 60, 6/12, 6,5, 6/7, 6/9, 7, 7,5, 7/8, 8, 8,5, 85, 8/9, 9, 9M, 90, 9/10, 9/11, 9/12, 9,5, 95, 96, 98, ]
2022-06-28 16:35:00.191 TRACE 18528 --- [scheduling-1] o.h.type.descriptor.sql.BasicExtractor   : extracted value ([tran_type4_0_] : [VARCHAR]) - [A]
2022-06-28 16:35:00.192 TRACE 18528 --- [scheduling-1] o.h.type.descriptor.sql.BasicExtractor   : extracted value ([type_id5_0_] : [INTEGER]) - [0]
2022-06-28 16:35:00.192 TRACE 18528 --- [scheduling-1] o.h.type.descriptor.sql.BasicExtractor   : extracted value ([type_name6_0_] : [VARCHAR]) - [TODAS]
2022-06-28 16:35:00.201  INFO 18528 --- [scheduling-1] c.c.bbooksize.scheduler.ScheduledTasks   : Cantidad de Marcas para generar: 1
2022-06-28 18:28:25.315  WARN 18528 --- [HikariPool-1 housekeeper] com.zaxxer.hikari.pool.HikariPool        : HikariPool-1 - Thread starvation or clock leap detected (housekeeper delta=1h53m34s293ms889s600ns).
